{"C:\\Users\\xolead\\Desktop\\electronics-sales-store-site\\frontend\\src\\App.js": {"path":"C:\\Users\\xolead\\Desktop\\electronics-sales-store-site\\frontend\\src\\App.js","statementMap":{"0":{"start":{"line":8,"column":12},"end":{"line":9,"column":2}},"1":{"start":{"line":12,"column":22},"end":{"line":14,"column":1}},"2":{"start":{"line":13,"column":2},"end":{"line":13,"column":38}},"3":{"start":{"line":17,"column":24},"end":{"line":21,"column":1}},"4":{"start":{"line":18,"column":14},"end":{"line":18,"column":70}},"5":{"start":{"line":19,"column":2},"end":{"line":19,"column":33}},"6":{"start":{"line":20,"column":2},"end":{"line":20,"column":13}},"7":{"start":{"line":22,"column":12},"end":{"line":31,"column":1}},"8":{"start":{"line":23,"column":2},"end":{"line":30,"column":4}},"9":{"start":{"line":34,"column":15},"end":{"line":55,"column":1}},"10":{"start":{"line":35,"column":2},"end":{"line":54,"column":3}},"11":{"start":{"line":36,"column":4},"end":{"line":36,"column":44}},"12":{"start":{"line":37,"column":21},"end":{"line":37,"column":48}},"13":{"start":{"line":38,"column":4},"end":{"line":38,"column":51}},"14":{"start":{"line":40,"column":4},"end":{"line":49,"column":5}},"15":{"start":{"line":41,"column":6},"end":{"line":41,"column":63}},"16":{"start":{"line":42,"column":6},"end":{"line":42,"column":36}},"17":{"start":{"line":43,"column":11},"end":{"line":49,"column":5}},"18":{"start":{"line":44,"column":6},"end":{"line":44,"column":55}},"19":{"start":{"line":45,"column":6},"end":{"line":45,"column":27}},"20":{"start":{"line":47,"column":6},"end":{"line":47,"column":52}},"21":{"start":{"line":48,"column":6},"end":{"line":48,"column":16}},"22":{"start":{"line":52,"column":4},"end":{"line":52,"column":60}},"23":{"start":{"line":53,"column":4},"end":{"line":53,"column":14}},"24":{"start":{"line":59,"column":2},"end":{"line":66,"column":4}},"25":{"start":{"line":70,"column":2},"end":{"line":81,"column":4}},"26":{"start":{"line":85,"column":48},"end":{"line":85,"column":62}},"27":{"start":{"line":86,"column":40},"end":{"line":86,"column":55}},"28":{"start":{"line":87,"column":34},"end":{"line":87,"column":46}},"29":{"start":{"line":88,"column":32},"end":{"line":88,"column":46}},"30":{"start":{"line":89,"column":28},"end":{"line":89,"column":42}},"31":{"start":{"line":92,"column":2},"end":{"line":94,"column":9}},"32":{"start":{"line":93,"column":4},"end":{"line":93,"column":19}},"33":{"start":{"line":101,"column":23},"end":{"line":119,"column":3}},"34":{"start":{"line":102,"column":4},"end":{"line":118,"column":5}},"35":{"start":{"line":103,"column":6},"end":{"line":103,"column":23}},"36":{"start":{"line":104,"column":6},"end":{"line":104,"column":21}},"37":{"start":{"line":107,"column":27},"end":{"line":107,"column":41}},"38":{"start":{"line":108,"column":6},"end":{"line":108,"column":32}},"39":{"start":{"line":111,"column":6},"end":{"line":111,"column":46}},"40":{"start":{"line":112,"column":6},"end":{"line":112,"column":45}},"41":{"start":{"line":115,"column":6},"end":{"line":115,"column":37}},"42":{"start":{"line":117,"column":6},"end":{"line":117,"column":24}},"43":{"start":{"line":122,"column":26},"end":{"line":129,"column":3}},"44":{"start":{"line":122,"column":32},"end":{"line":129,"column":3}},"45":{"start":{"line":131,"column":25},"end":{"line":134,"column":3}},"46":{"start":{"line":132,"column":4},"end":{"line":132,"column":32}},"47":{"start":{"line":133,"column":4},"end":{"line":133,"column":25}},"48":{"start":{"line":136,"column":24},"end":{"line":140,"column":3}},"49":{"start":{"line":137,"column":4},"end":{"line":137,"column":65}},"50":{"start":{"line":138,"column":4},"end":{"line":138,"column":26}},"51":{"start":{"line":139,"column":4},"end":{"line":139,"column":29}},"52":{"start":{"line":142,"column":23},"end":{"line":145,"column":3}},"53":{"start":{"line":143,"column":4},"end":{"line":143,"column":26}},"54":{"start":{"line":144,"column":4},"end":{"line":144,"column":29}},"55":{"start":{"line":147,"column":26},"end":{"line":149,"column":3}},"56":{"start":{"line":148,"column":4},"end":{"line":148,"column":19}},"57":{"start":{"line":151,"column":2},"end":{"line":158,"column":3}},"58":{"start":{"line":152,"column":4},"end":{"line":157,"column":6}},"59":{"start":{"line":160,"column":2},"end":{"line":169,"column":3}},"60":{"start":{"line":161,"column":4},"end":{"line":168,"column":6}},"61":{"start":{"line":171,"column":2},"end":{"line":247,"column":4}},"62":{"start":{"line":184,"column":12},"end":{"line":208,"column":18}},"63":{"start":{"line":202,"column":35},"end":{"line":202,"column":58}},"64":{"start":{"line":225,"column":57},"end":{"line":225,"column":76}},"65":{"start":{"line":251,"column":2},"end":{"line":255,"column":4}}},"fnMap":{"0":{"name":"(anonymous_0)","decl":{"start":{"line":12,"column":22},"end":{"line":12,"column":23}},"loc":{"start":{"line":12,"column":36},"end":{"line":14,"column":1}},"line":12},"1":{"name":"(anonymous_1)","decl":{"start":{"line":17,"column":24},"end":{"line":17,"column":25}},"loc":{"start":{"line":17,"column":38},"end":{"line":21,"column":1}},"line":17},"2":{"name":"(anonymous_2)","decl":{"start":{"line":22,"column":12},"end":{"line":22,"column":13}},"loc":{"start":{"line":22,"column":18},"end":{"line":31,"column":1}},"line":22},"3":{"name":"(anonymous_3)","decl":{"start":{"line":34,"column":15},"end":{"line":34,"column":16}},"loc":{"start":{"line":34,"column":27},"end":{"line":55,"column":1}},"line":34},"4":{"name":"HomePage","decl":{"start":{"line":58,"column":9},"end":{"line":58,"column":17}},"loc":{"start":{"line":58,"column":20},"end":{"line":67,"column":1}},"line":58},"5":{"name":"Header","decl":{"start":{"line":69,"column":9},"end":{"line":69,"column":15}},"loc":{"start":{"line":69,"column":18},"end":{"line":82,"column":1}},"line":69},"6":{"name":"ShoppingList","decl":{"start":{"line":84,"column":9},"end":{"line":84,"column":21}},"loc":{"start":{"line":84,"column":24},"end":{"line":248,"column":1}},"line":84},"7":{"name":"(anonymous_7)","decl":{"start":{"line":92,"column":12},"end":{"line":92,"column":13}},"loc":{"start":{"line":92,"column":18},"end":{"line":94,"column":3}},"line":92},"8":{"name":"(anonymous_8)","decl":{"start":{"line":101,"column":23},"end":{"line":101,"column":24}},"loc":{"start":{"line":101,"column":35},"end":{"line":119,"column":3}},"line":101},"9":{"name":"(anonymous_9)","decl":{"start":{"line":122,"column":26},"end":{"line":122,"column":27}},"loc":{"start":{"line":122,"column":32},"end":{"line":129,"column":3}},"line":122},"10":{"name":"(anonymous_10)","decl":{"start":{"line":131,"column":25},"end":{"line":131,"column":26}},"loc":{"start":{"line":131,"column":38},"end":{"line":134,"column":3}},"line":131},"11":{"name":"(anonymous_11)","decl":{"start":{"line":136,"column":24},"end":{"line":136,"column":25}},"loc":{"start":{"line":136,"column":30},"end":{"line":140,"column":3}},"line":136},"12":{"name":"(anonymous_12)","decl":{"start":{"line":142,"column":23},"end":{"line":142,"column":24}},"loc":{"start":{"line":142,"column":29},"end":{"line":145,"column":3}},"line":142},"13":{"name":"(anonymous_13)","decl":{"start":{"line":147,"column":26},"end":{"line":147,"column":27}},"loc":{"start":{"line":147,"column":32},"end":{"line":149,"column":3}},"line":147},"14":{"name":"(anonymous_14)","decl":{"start":{"line":183,"column":24},"end":{"line":183,"column":25}},"loc":{"start":{"line":184,"column":12},"end":{"line":208,"column":18}},"line":184},"15":{"name":"(anonymous_15)","decl":{"start":{"line":202,"column":29},"end":{"line":202,"column":30}},"loc":{"start":{"line":202,"column":35},"end":{"line":202,"column":58}},"line":202},"16":{"name":"(anonymous_16)","decl":{"start":{"line":225,"column":50},"end":{"line":225,"column":51}},"loc":{"start":{"line":225,"column":57},"end":{"line":225,"column":76}},"line":225},"17":{"name":"ShoppingList_box","decl":{"start":{"line":250,"column":9},"end":{"line":250,"column":25}},"loc":{"start":{"line":250,"column":40},"end":{"line":256,"column":1}},"line":250}},"branchMap":{"0":{"loc":{"start":{"line":40,"column":4},"end":{"line":49,"column":5}},"type":"if","locations":[{"start":{"line":40,"column":4},"end":{"line":49,"column":5}},{"start":{"line":43,"column":11},"end":{"line":49,"column":5}}],"line":40},"1":{"loc":{"start":{"line":40,"column":8},"end":{"line":40,"column":47}},"type":"binary-expr","locations":[{"start":{"line":40,"column":8},"end":{"line":40,"column":21}},{"start":{"line":40,"column":25},"end":{"line":40,"column":47}}],"line":40},"2":{"loc":{"start":{"line":43,"column":11},"end":{"line":49,"column":5}},"type":"if","locations":[{"start":{"line":43,"column":11},"end":{"line":49,"column":5}},{"start":{"line":46,"column":11},"end":{"line":49,"column":5}}],"line":43},"3":{"loc":{"start":{"line":43,"column":15},"end":{"line":43,"column":60}},"type":"binary-expr","locations":[{"start":{"line":43,"column":15},"end":{"line":43,"column":28}},{"start":{"line":43,"column":32},"end":{"line":43,"column":60}}],"line":43},"4":{"loc":{"start":{"line":151,"column":2},"end":{"line":158,"column":3}},"type":"if","locations":[{"start":{"line":151,"column":2},"end":{"line":158,"column":3}},{"start":{},"end":{}}],"line":151},"5":{"loc":{"start":{"line":160,"column":2},"end":{"line":169,"column":3}},"type":"if","locations":[{"start":{"line":160,"column":2},"end":{"line":169,"column":3}},{"start":{},"end":{}}],"line":160},"6":{"loc":{"start":{"line":160,"column":6},"end":{"line":160,"column":36}},"type":"binary-expr","locations":[{"start":{"line":160,"column":6},"end":{"line":160,"column":11}},{"start":{"line":160,"column":15},"end":{"line":160,"column":36}}],"line":160},"7":{"loc":{"start":{"line":212,"column":9},"end":{"line":219,"column":9}},"type":"binary-expr","locations":[{"start":{"line":212,"column":9},"end":{"line":212,"column":30}},{"start":{"line":212,"column":34},"end":{"line":212,"column":42}},{"start":{"line":213,"column":10},"end":{"line":218,"column":16}}],"line":212},"8":{"loc":{"start":{"line":223,"column":7},"end":{"line":245,"column":7}},"type":"binary-expr","locations":[{"start":{"line":223,"column":7},"end":{"line":223,"column":18}},{"start":{"line":224,"column":8},"end":{"line":244,"column":14}}],"line":223}},"s":{"0":0,"1":0,"2":0,"3":0,"4":0,"5":0,"6":0,"7":0,"8":0,"9":0,"10":0,"11":0,"12":0,"13":0,"14":0,"15":0,"16":0,"17":0,"18":0,"19":0,"20":0,"21":0,"22":0,"23":0,"24":0,"25":0,"26":0,"27":0,"28":0,"29":0,"30":0,"31":0,"32":0,"33":0,"34":0,"35":0,"36":0,"37":0,"38":0,"39":0,"40":0,"41":0,"42":0,"43":0,"44":0,"45":0,"46":0,"47":0,"48":0,"49":0,"50":0,"51":0,"52":0,"53":0,"54":0,"55":0,"56":0,"57":0,"58":0,"59":0,"60":0,"61":0,"62":0,"63":0,"64":0,"65":0},"f":{"0":0,"1":0,"2":0,"3":0,"4":0,"5":0,"6":0,"7":0,"8":0,"9":0,"10":0,"11":0,"12":0,"13":0,"14":0,"15":0,"16":0,"17":0},"b":{"0":[0,0],"1":[0,0],"2":[0,0],"3":[0,0],"4":[0,0],"5":[0,0],"6":[0,0],"7":[0,0,0],"8":[0,0]}}
,"C:\\Users\\xolead\\Desktop\\electronics-sales-store-site\\frontend\\src\\pages\\Create.js": {"path":"C:\\Users\\xolead\\Desktop\\electronics-sales-store-site\\frontend\\src\\pages\\Create.js","statementMap":{"0":{"start":{"line":6,"column":15},"end":{"line":329,"column":1}},"1":{"start":{"line":7,"column":40},"end":{"line":12,"column":4}},"2":{"start":{"line":13,"column":44},"end":{"line":13,"column":56}},"3":{"start":{"line":14,"column":38},"end":{"line":14,"column":53}},"4":{"start":{"line":15,"column":42},"end":{"line":15,"column":57}},"5":{"start":{"line":16,"column":23},"end":{"line":16,"column":35}},"6":{"start":{"line":19,"column":34},"end":{"line":40,"column":3}},"7":{"start":{"line":20,"column":4},"end":{"line":39,"column":5}},"8":{"start":{"line":21,"column":23},"end":{"line":32,"column":8}},"9":{"start":{"line":34,"column":6},"end":{"line":34,"column":27}},"10":{"start":{"line":37,"column":6},"end":{"line":37,"column":58}},"11":{"start":{"line":38,"column":6},"end":{"line":38,"column":18}},"12":{"start":{"line":43,"column":26},"end":{"line":63,"column":3}},"13":{"start":{"line":44,"column":4},"end":{"line":62,"column":5}},"14":{"start":{"line":44,"column":17},"end":{"line":44,"column":18}},"15":{"start":{"line":45,"column":6},"end":{"line":61,"column":7}},"16":{"start":{"line":46,"column":21},"end":{"line":46,"column":29}},"17":{"start":{"line":47,"column":22},"end":{"line":47,"column":31}},"18":{"start":{"line":50,"column":8},"end":{"line":54,"column":11}},"19":{"start":{"line":56,"column":8},"end":{"line":56,"column":60}},"20":{"start":{"line":59,"column":8},"end":{"line":59,"column":76}},"21":{"start":{"line":60,"column":8},"end":{"line":60,"column":71}},"22":{"start":{"line":65,"column":28},"end":{"line":71,"column":3}},"23":{"start":{"line":66,"column":28},"end":{"line":66,"column":36}},"24":{"start":{"line":67,"column":4},"end":{"line":70,"column":8}},"25":{"start":{"line":67,"column":28},"end":{"line":70,"column":5}},"26":{"start":{"line":73,"column":27},"end":{"line":96,"column":3}},"27":{"start":{"line":74,"column":23},"end":{"line":74,"column":87}},"28":{"start":{"line":74,"column":56},"end":{"line":74,"column":86}},"29":{"start":{"line":76,"column":4},"end":{"line":76,"column":40}},"30":{"start":{"line":76,"column":33},"end":{"line":76,"column":40}},"31":{"start":{"line":78,"column":22},"end":{"line":91,"column":6}},"32":{"start":{"line":79,"column":6},"end":{"line":90,"column":9}},"33":{"start":{"line":80,"column":23},"end":{"line":80,"column":39}},"34":{"start":{"line":81,"column":8},"end":{"line":88,"column":10}},"35":{"start":{"line":82,"column":10},"end":{"line":87,"column":13}},"36":{"start":{"line":89,"column":8},"end":{"line":89,"column":35}},"37":{"start":{"line":93,"column":4},"end":{"line":95,"column":7}},"38":{"start":{"line":94,"column":6},"end":{"line":94,"column":53}},"39":{"start":{"line":94,"column":31},"end":{"line":94,"column":51}},"40":{"start":{"line":98,"column":25},"end":{"line":101,"column":3}},"41":{"start":{"line":99,"column":4},"end":{"line":99,"column":23}},"42":{"start":{"line":100,"column":4},"end":{"line":100,"column":24}},"43":{"start":{"line":103,"column":26},"end":{"line":106,"column":3}},"44":{"start":{"line":104,"column":4},"end":{"line":104,"column":23}},"45":{"start":{"line":105,"column":4},"end":{"line":105,"column":25}},"46":{"start":{"line":108,"column":21},"end":{"line":116,"column":3}},"47":{"start":{"line":109,"column":4},"end":{"line":109,"column":23}},"48":{"start":{"line":110,"column":4},"end":{"line":110,"column":25}},"49":{"start":{"line":112,"column":18},"end":{"line":112,"column":38}},"50":{"start":{"line":113,"column":4},"end":{"line":115,"column":5}},"51":{"start":{"line":114,"column":6},"end":{"line":114,"column":30}},"52":{"start":{"line":118,"column":32},"end":{"line":123,"column":3}},"53":{"start":{"line":119,"column":18},"end":{"line":119,"column":32}},"54":{"start":{"line":120,"column":4},"end":{"line":122,"column":5}},"55":{"start":{"line":121,"column":6},"end":{"line":121,"column":30}},"56":{"start":{"line":125,"column":30},"end":{"line":127,"column":3}},"57":{"start":{"line":126,"column":4},"end":{"line":126,"column":34}},"58":{"start":{"line":129,"column":22},"end":{"line":131,"column":3}},"59":{"start":{"line":130,"column":4},"end":{"line":130,"column":64}},"60":{"start":{"line":130,"column":29},"end":{"line":130,"column":62}},"61":{"start":{"line":130,"column":48},"end":{"line":130,"column":61}},"62":{"start":{"line":133,"column":23},"end":{"line":177,"column":3}},"63":{"start":{"line":134,"column":4},"end":{"line":134,"column":23}},"64":{"start":{"line":136,"column":4},"end":{"line":139,"column":5}},"65":{"start":{"line":137,"column":6},"end":{"line":137,"column":68}},"66":{"start":{"line":138,"column":6},"end":{"line":138,"column":13}},"67":{"start":{"line":141,"column":4},"end":{"line":144,"column":5}},"68":{"start":{"line":142,"column":6},"end":{"line":142,"column":59}},"69":{"start":{"line":143,"column":6},"end":{"line":143,"column":13}},"70":{"start":{"line":146,"column":4},"end":{"line":146,"column":26}},"71":{"start":{"line":148,"column":4},"end":{"line":176,"column":5}},"72":{"start":{"line":149,"column":24},"end":{"line":149,"column":63}},"73":{"start":{"line":149,"column":49},"end":{"line":149,"column":62}},"74":{"start":{"line":150,"column":20},"end":{"line":150,"column":54}},"75":{"start":{"line":150,"column":45},"end":{"line":150,"column":53}},"76":{"start":{"line":152,"column":6},"end":{"line":152,"column":70}},"77":{"start":{"line":154,"column":23},"end":{"line":154,"column":76}},"78":{"start":{"line":155,"column":6},"end":{"line":155,"column":66}},"79":{"start":{"line":157,"column":6},"end":{"line":157,"column":49}},"80":{"start":{"line":158,"column":6},"end":{"line":158,"column":50}},"81":{"start":{"line":159,"column":6},"end":{"line":159,"column":49}},"82":{"start":{"line":161,"column":6},"end":{"line":161,"column":39}},"83":{"start":{"line":163,"column":6},"end":{"line":168,"column":9}},"84":{"start":{"line":169,"column":6},"end":{"line":169,"column":27}},"85":{"start":{"line":172,"column":6},"end":{"line":172,"column":60}},"86":{"start":{"line":173,"column":6},"end":{"line":173,"column":60}},"87":{"start":{"line":175,"column":6},"end":{"line":175,"column":29}},"88":{"start":{"line":179,"column":2},"end":{"line":328,"column":4}},"89":{"start":{"line":217,"column":22},"end":{"line":229,"column":28}},"90":{"start":{"line":223,"column":28},"end":{"line":223,"column":48}},"91":{"start":{"line":224,"column":28},"end":{"line":224,"column":50}}},"fnMap":{"0":{"name":"(anonymous_0)","decl":{"start":{"line":6,"column":15},"end":{"line":6,"column":16}},"loc":{"start":{"line":6,"column":21},"end":{"line":329,"column":1}},"line":6},"1":{"name":"(anonymous_1)","decl":{"start":{"line":19,"column":34},"end":{"line":19,"column":35}},"loc":{"start":{"line":19,"column":68},"end":{"line":40,"column":3}},"line":19},"2":{"name":"(anonymous_2)","decl":{"start":{"line":43,"column":26},"end":{"line":43,"column":27}},"loc":{"start":{"line":43,"column":51},"end":{"line":63,"column":3}},"line":43},"3":{"name":"(anonymous_3)","decl":{"start":{"line":65,"column":28},"end":{"line":65,"column":29}},"loc":{"start":{"line":65,"column":35},"end":{"line":71,"column":3}},"line":65},"4":{"name":"(anonymous_4)","decl":{"start":{"line":67,"column":19},"end":{"line":67,"column":20}},"loc":{"start":{"line":67,"column":28},"end":{"line":70,"column":5}},"line":67},"5":{"name":"(anonymous_5)","decl":{"start":{"line":73,"column":27},"end":{"line":73,"column":28}},"loc":{"start":{"line":73,"column":38},"end":{"line":96,"column":3}},"line":73},"6":{"name":"(anonymous_6)","decl":{"start":{"line":74,"column":48},"end":{"line":74,"column":49}},"loc":{"start":{"line":74,"column":56},"end":{"line":74,"column":86}},"line":74},"7":{"name":"(anonymous_7)","decl":{"start":{"line":78,"column":37},"end":{"line":78,"column":38}},"loc":{"start":{"line":78,"column":45},"end":{"line":91,"column":5}},"line":78},"8":{"name":"(anonymous_8)","decl":{"start":{"line":79,"column":25},"end":{"line":79,"column":26}},"loc":{"start":{"line":79,"column":38},"end":{"line":90,"column":7}},"line":79},"9":{"name":"(anonymous_9)","decl":{"start":{"line":81,"column":24},"end":{"line":81,"column":25}},"loc":{"start":{"line":81,"column":31},"end":{"line":88,"column":9}},"line":81},"10":{"name":"(anonymous_10)","decl":{"start":{"line":93,"column":32},"end":{"line":93,"column":33}},"loc":{"start":{"line":93,"column":42},"end":{"line":95,"column":5}},"line":93},"11":{"name":"(anonymous_11)","decl":{"start":{"line":94,"column":23},"end":{"line":94,"column":24}},"loc":{"start":{"line":94,"column":31},"end":{"line":94,"column":51}},"line":94},"12":{"name":"(anonymous_12)","decl":{"start":{"line":98,"column":25},"end":{"line":98,"column":26}},"loc":{"start":{"line":98,"column":32},"end":{"line":101,"column":3}},"line":98},"13":{"name":"(anonymous_13)","decl":{"start":{"line":103,"column":26},"end":{"line":103,"column":27}},"loc":{"start":{"line":103,"column":33},"end":{"line":106,"column":3}},"line":103},"14":{"name":"(anonymous_14)","decl":{"start":{"line":108,"column":21},"end":{"line":108,"column":22}},"loc":{"start":{"line":108,"column":28},"end":{"line":116,"column":3}},"line":108},"15":{"name":"(anonymous_15)","decl":{"start":{"line":118,"column":32},"end":{"line":118,"column":33}},"loc":{"start":{"line":118,"column":39},"end":{"line":123,"column":3}},"line":118},"16":{"name":"(anonymous_16)","decl":{"start":{"line":125,"column":30},"end":{"line":125,"column":31}},"loc":{"start":{"line":125,"column":36},"end":{"line":127,"column":3}},"line":125},"17":{"name":"(anonymous_17)","decl":{"start":{"line":129,"column":22},"end":{"line":129,"column":23}},"loc":{"start":{"line":129,"column":30},"end":{"line":131,"column":3}},"line":129},"18":{"name":"(anonymous_18)","decl":{"start":{"line":130,"column":21},"end":{"line":130,"column":22}},"loc":{"start":{"line":130,"column":29},"end":{"line":130,"column":62}},"line":130},"19":{"name":"(anonymous_19)","decl":{"start":{"line":130,"column":41},"end":{"line":130,"column":42}},"loc":{"start":{"line":130,"column":48},"end":{"line":130,"column":61}},"line":130},"20":{"name":"(anonymous_20)","decl":{"start":{"line":133,"column":23},"end":{"line":133,"column":24}},"loc":{"start":{"line":133,"column":36},"end":{"line":177,"column":3}},"line":133},"21":{"name":"(anonymous_21)","decl":{"start":{"line":149,"column":42},"end":{"line":149,"column":43}},"loc":{"start":{"line":149,"column":49},"end":{"line":149,"column":62}},"line":149},"22":{"name":"(anonymous_22)","decl":{"start":{"line":150,"column":38},"end":{"line":150,"column":39}},"loc":{"start":{"line":150,"column":45},"end":{"line":150,"column":53}},"line":150},"23":{"name":"(anonymous_23)","decl":{"start":{"line":216,"column":39},"end":{"line":216,"column":40}},"loc":{"start":{"line":217,"column":22},"end":{"line":229,"column":28}},"line":217},"24":{"name":"(anonymous_24)","decl":{"start":{"line":222,"column":35},"end":{"line":222,"column":36}},"loc":{"start":{"line":222,"column":42},"end":{"line":225,"column":27}},"line":222}},"branchMap":{"0":{"loc":{"start":{"line":25,"column":20},"end":{"line":25,"column":46}},"type":"binary-expr","locations":[{"start":{"line":25,"column":20},"end":{"line":25,"column":40}},{"start":{"line":25,"column":44},"end":{"line":25,"column":46}}],"line":25},"1":{"loc":{"start":{"line":26,"column":15},"end":{"line":26,"column":45}},"type":"binary-expr","locations":[{"start":{"line":26,"column":15},"end":{"line":26,"column":40}},{"start":{"line":26,"column":44},"end":{"line":26,"column":45}}],"line":26},"2":{"loc":{"start":{"line":76,"column":4},"end":{"line":76,"column":40}},"type":"if","locations":[{"start":{"line":76,"column":4},"end":{"line":76,"column":40}},{"start":{},"end":{}}],"line":76},"3":{"loc":{"start":{"line":113,"column":4},"end":{"line":115,"column":5}},"type":"if","locations":[{"start":{"line":113,"column":4},"end":{"line":115,"column":5}},{"start":{},"end":{}}],"line":113},"4":{"loc":{"start":{"line":120,"column":4},"end":{"line":122,"column":5}},"type":"if","locations":[{"start":{"line":120,"column":4},"end":{"line":122,"column":5}},{"start":{},"end":{}}],"line":120},"5":{"loc":{"start":{"line":136,"column":4},"end":{"line":139,"column":5}},"type":"if","locations":[{"start":{"line":136,"column":4},"end":{"line":139,"column":5}},{"start":{},"end":{}}],"line":136},"6":{"loc":{"start":{"line":141,"column":4},"end":{"line":144,"column":5}},"type":"if","locations":[{"start":{"line":141,"column":4},"end":{"line":144,"column":5}},{"start":{},"end":{}}],"line":141},"7":{"loc":{"start":{"line":141,"column":8},"end":{"line":141,"column":72}},"type":"binary-expr","locations":[{"start":{"line":141,"column":8},"end":{"line":141,"column":25}},{"start":{"line":141,"column":29},"end":{"line":141,"column":47}},{"start":{"line":141,"column":51},"end":{"line":141,"column":72}}],"line":141},"8":{"loc":{"start":{"line":198,"column":38},"end":{"line":198,"column":66}},"type":"cond-expr","locations":[{"start":{"line":198,"column":51},"end":{"line":198,"column":61}},{"start":{"line":198,"column":64},"end":{"line":198,"column":66}}],"line":198},"9":{"loc":{"start":{"line":198,"column":70},"end":{"line":198,"column":114}},"type":"cond-expr","locations":[{"start":{"line":198,"column":97},"end":{"line":198,"column":109}},{"start":{"line":198,"column":112},"end":{"line":198,"column":114}}],"line":198},"10":{"loc":{"start":{"line":213,"column":15},"end":{"line":246,"column":15}},"type":"cond-expr","locations":[{"start":{"line":214,"column":16},"end":{"line":238,"column":22}},{"start":{"line":240,"column":16},"end":{"line":245,"column":22}}],"line":213},"11":{"loc":{"start":{"line":248,"column":13},"end":{"line":252,"column":13}},"type":"binary-expr","locations":[{"start":{"line":248,"column":13},"end":{"line":248,"column":37}},{"start":{"line":249,"column":14},"end":{"line":251,"column":20}}],"line":248}},"s":{"0":0,"1":0,"2":0,"3":0,"4":0,"5":0,"6":0,"7":0,"8":0,"9":0,"10":0,"11":0,"12":0,"13":0,"14":0,"15":0,"16":0,"17":0,"18":0,"19":0,"20":0,"21":0,"22":0,"23":0,"24":0,"25":0,"26":0,"27":0,"28":0,"29":0,"30":0,"31":0,"32":0,"33":0,"34":0,"35":0,"36":0,"37":0,"38":0,"39":0,"40":0,"41":0,"42":0,"43":0,"44":0,"45":0,"46":0,"47":0,"48":0,"49":0,"50":0,"51":0,"52":0,"53":0,"54":0,"55":0,"56":0,"57":0,"58":0,"59":0,"60":0,"61":0,"62":0,"63":0,"64":0,"65":0,"66":0,"67":0,"68":0,"69":0,"70":0,"71":0,"72":0,"73":0,"74":0,"75":0,"76":0,"77":0,"78":0,"79":0,"80":0,"81":0,"82":0,"83":0,"84":0,"85":0,"86":0,"87":0,"88":0,"89":0,"90":0,"91":0},"f":{"0":0,"1":0,"2":0,"3":0,"4":0,"5":0,"6":0,"7":0,"8":0,"9":0,"10":0,"11":0,"12":0,"13":0,"14":0,"15":0,"16":0,"17":0,"18":0,"19":0,"20":0,"21":0,"22":0,"23":0,"24":0},"b":{"0":[0,0],"1":[0,0],"2":[0,0],"3":[0,0],"4":[0,0],"5":[0,0],"6":[0,0],"7":[0,0,0],"8":[0,0],"9":[0,0],"10":[0,0],"11":[0,0]}}
}
